2025-11-22 22:23:18,707 - INFO - package: mysql.connector.plugins
2025-11-22 22:23:18,707 - INFO - plugin_name: mysql_native_password
2025-11-22 22:23:18,708 - INFO - AUTHENTICATION_PLUGIN_CLASS: MySQLNativePasswordAuthPlugin
2025-11-22 22:23:18,759 - INFO - Starting full ETL pipeline
2025-11-22 22:23:18,760 - INFO - Step 1: Extract data
2025-11-22 22:23:18,760 - INFO - Start extract
2025-11-22 22:23:32,792 - INFO - Wrote raw CSV: data/raw\boxoffice_22112025.csv
2025-11-22 22:23:32,793 - INFO - Extract finished: data/raw\boxoffice_22112025.csv
2025-11-22 22:23:32,794 - INFO - Step 2: Load staging
2025-11-22 22:23:32,804 - INFO - Start load_staging
2025-11-22 22:23:32,814 - INFO - Loading raw file: data/raw\boxoffice_22112025.csv
2025-11-22 22:23:32,883 - INFO - Inserted 39 rows into stg_boxoffice_raw
2025-11-22 22:23:32,887 - INFO - Staging load finished
2025-11-22 22:23:32,887 - INFO - Step 3: Transform data
2025-11-22 22:23:32,887 - INFO - Start transform
2025-11-22 22:23:34,588 - INFO - Wrote cleaned CSV: data/cleaned\boxoffice_cleaned_22112025.csv
2025-11-22 22:23:34,589 - INFO - Transform finished, 39 rows processed
2025-11-22 22:23:34,590 - INFO - Step 4: Load warehouse
2025-11-22 22:23:34,590 - INFO - Start load_warehouse
2025-11-22 22:23:34,663 - INFO - dim_movie updated, total movies now: 39
2025-11-22 22:23:34,698 - INFO - Inserted 39 rows into fact_revenue
2025-11-22 22:23:34,716 - INFO - Warehouse load finished
2025-11-22 22:23:34,717 - INFO - Step 5: Aggregate data
2025-11-22 22:23:34,717 - INFO - Start aggregate_for_datamart
2025-11-22 22:23:34,746 - INFO - Daily revenue CSV saved: data/aggregate\dm_daily_revenue_22112025.csv
2025-11-22 22:23:34,747 - INFO - Top movies CSV saved: data/aggregate\dm_top_movies_22112025.csv
2025-11-22 22:23:34,748 - INFO - Aggregate finished: 39 daily rows, 39 top movie rows
2025-11-22 22:23:34,749 - INFO - Step 6: Load datamart
2025-11-22 22:23:34,749 - INFO - Start load_to_datamart
2025-11-22 22:23:34,752 - INFO - Start aggregate_for_datamart
2025-11-22 22:23:34,771 - INFO - Daily revenue CSV saved: data/aggregate\dm_daily_revenue_22112025.csv
2025-11-22 22:23:34,772 - INFO - Top movies CSV saved: data/aggregate\dm_top_movies_22112025.csv
2025-11-22 22:23:34,779 - INFO - Inserted 39 rows into dm_daily_revenue
2025-11-22 22:23:34,784 - INFO - Inserted 39 rows into dm_top_movies
2025-11-22 22:23:34,800 - INFO - Pushed log to db_control successfully
2025-11-22 22:23:34,800 - INFO - Datamart load finished
2025-11-22 22:23:34,815 - INFO - Pushed main ETL log to db_control successfully
2025-11-22 22:23:34,816 - INFO - === ETL pipeline finished ===
